2025-05-11 07:44:34,796 - semgrep.notifications - WARNING - METRICS: Using configs from the Registry (like --config=p/ci) reports pseudonymous rule metrics to semgrep.dev.
To disable Registry rule metrics, use "--metrics=off".
Using configs only from local files (like --config=xyz.yml) does not enable metrics.

More information: https://semgrep.dev/docs/metrics

2025-05-11 07:44:34,798 - semgrep.run_scan - DEBUG - semgrep version 1.2.0
2025-05-11 07:44:34,802 - semgrep.git - DEBUG - Failed to get project url from 'git ls-remote': Command failed with exit code: 128
-----
Command failed with output:
fatal: No remote configured to list refs from.


Failed to run 'git ls-remote --get-url'. Possible reasons:

- the git binary is not available
- the current working directory is not a git repository
- the baseline commit is not a parent of the current commit
    (if you are running through semgrep-app, check if you are setting `SEMGREP_BRANCH` or `SEMGREP_BASELINE_COMMIT` properly)
- the current working directory is not marked as safe
    (fix with `git config --global --add safe.directory $(pwd)`)

Try running the command yourself to debug the issue.
2025-05-11 07:44:34,803 - semgrep.config_resolver - DEBUG - Loading local config from /home/runner/workspace/.config/.semgrep/semgrep_rules.json
2025-05-11 07:44:34,807 - semgrep.config_resolver - DEBUG - Done loading local config from /home/runner/workspace/.config/.semgrep/semgrep_rules.json
2025-05-11 07:44:34,811 - semgrep.config_resolver - DEBUG - Saving rules to /tmp/semgrep-8abg31p7.rules
2025-05-11 07:44:35,127 - semgrep.semgrep_core - DEBUG - Failed to open resource semgrep-core-proprietary: [Errno 2] No such file or directory: '/tmp/_MEIGgTjlW/semgrep/bin/semgrep-core-proprietary'.
2025-05-11 07:44:35,875 - semgrep.rule_lang - DEBUG - semgrep-core validation response: valid=True
2025-05-11 07:44:35,875 - semgrep.rule_lang - DEBUG - semgrep-core validation succeeded
2025-05-11 07:44:35,875 - semgrep.rule_lang - DEBUG - RPC validation succeeded
2025-05-11 07:44:35,876 - semgrep.config_resolver - DEBUG - loaded 1 configs in 1.0727603435516357
2025-05-11 07:44:36,106 - semgrep.run_scan - VERBOSE - running 1250 rules from 1 config /home/runner/workspace/.config/.semgrep/semgrep_rules.json_0
2025-05-11 07:44:36,107 - semgrep.run_scan - VERBOSE - No .semgrepignore found. Using default .semgrepignore rules. See the docs for the list of default ignores: https://semgrep.dev/docs/cli-usage/#ignore-files
2025-05-11 07:44:36,109 - semgrep.run_scan - VERBOSE - Rules:
2025-05-11 07:44:36,109 - semgrep.run_scan - VERBOSE - <SKIPPED DATA (too many entries; use --max-log-list-entries)>
2025-05-11 07:44:36,619 - semgrep.core_runner - DEBUG - Passing whole rules directly to semgrep_core
2025-05-11 07:44:36,836 - semgrep.core_runner - DEBUG - Running Semgrep engine with command:
2025-05-11 07:44:36,836 - semgrep.core_runner - DEBUG - /tmp/_MEIGgTjlW/semgrep/bin/opengrep-core -json -rules /tmp/tmp2ui4vm86.json -j 8 -targets /tmp/tmppl6hy94a -timeout 5 -timeout_threshold 3 -max_memory 0 -fast
2025-05-11 07:44:47,639 - semgrep.core_runner - DEBUG - --- semgrep-core stderr ---
[00.07][[34mINFO[0m]: Executed as: /tmp/_MEIGgTjlW/semgrep/bin/opengrep-core -json -rules /tmp/tmp2ui4vm86.json -j 8 -targets /tmp/tmppl6hy94a -timeout 5 -timeout_threshold 3 -max_memory 0 -fast
[00.07][[34mINFO[0m]: Version: 1.2.0
[00.07][[34mINFO[0m]: Parsing rules in /tmp/tmp2ui4vm86.json
[00.97][[34mINFO[0m]: scan: processing 298 files (skipping 0), with 744 rules (skipping 0 )
[06.19][[33mWARNING[0m]: Fixpoint timeout while performing taint analysis [rule: config..semgrep.vendored-rules.typescript.react.security.audit.react-href-var file: client/src/pages/Contact.tsx func: ???]
[0m[06.25][[33mWARNING[0m]: Fixpoint timeout while performing taint analysis [rule: config..semgrep.vendored-rules.typescript.react.security.audit.react-href-var file: client/src/pages/Home.tsx func: ???]
[0m[06.57][[33mWARNING[0m]: Fixpoint timeout while performing taint analysis [rule: config..semgrep.vendored-rules.typescript.react.security.audit.react-href-var file: client/src/pages/Contact.tsx func: ???]
[0m[06.94][[33mWARNING[0m]: Fixpoint timeout while performing taint analysis [rule: config..semgrep.vendored-rules.javascript.lang.security.audit.detect-non-literal-require file: client/src/pages/Contact.tsx func: ???]
[0m[07.63][[33mWARNING[0m]: Fixpoint timeout while performing taint analysis [rule: config..semgrep.vendored-rules.javascript.express.security.injection.tainted-sql-string file: client/src/pages/Contact.tsx func: ???]
[0m[07.84][[33mWARNING[0m]: Fixpoint timeout while performing taint analysis [rule: config..semgrep.vendored-rules.javascript.express.security.injection.tainted-sql-string file: client/src/pages/Contact.tsx func: ???]
[0m[08.24][[33mWARNING[0m]: Fixpoint timeout while performing taint analysis [rule: config..semgrep.vendored-rules.javascript.express.security.injection.raw-html-format file: client/src/pages/Contact.tsx func: ???]
[0m[08.47][[33mWARNING[0m]: Fixpoint timeout while performing taint analysis [rule: config..semgrep.vendored-rules.javascript.express.security.injection.raw-html-format file: client/src/pages/Contact.tsx func: ???]
[0m[09.12][[33mWARNING[0m]: Fixpoint timeout while performing taint analysis [rule: config..semgrep.vendored-rules.javascript.express.security.audit.xss.direct-response-write file: client/src/pages/Contact.tsx func: ???]
[0m[09.20][[33mWARNING[0m]: Fixpoint timeout while performing taint analysis [rule: config..semgrep.vendored-rules.javascript.lang.security.audit.detect-non-literal-require file: client/src/pages/Analytics.tsx func: Analytics:28854]
[0m[09.38][[33mWARNING[0m]: Fixpoint timeout while performing taint analysis [rule: config..semgrep.vendored-rules.javascript.express.security.audit.xss.direct-response-write file: client/src/pages/Contact.tsx func: ???]
[0m[09.45][[33mWARNING[0m]: Fixpoint timeout while performing taint analysis [rule: config..semgrep.vendored-rules.python.boto3.security.hardcoded-token file: scripts/tiktok_scraper.py func: get_tiktok_videos:-1]
[0m[09.64][[33mWARNING[0m]: Fixpoint timeout while performing taint analysis [rule: config..semgrep.vendored-rules.javascript.express.security.audit.res-render-injection file: client/src/pages/Contact.tsx func: ???]
[0m[10.75][[34mINFO[0m]: Custom ignore pattern: None
[10.75][[34mINFO[0m]: Custom ignore pattern: None
--- end semgrep-core stderr ---
2025-05-11 07:44:47,648 - semgrep.rule_match - DEBUG - match_key = ('', PosixPath('client/index.html'), 'config..semgrep.vendored-rules.html.security.audit.missing-integrity') match_id = 0ee74fd49637bebe183eca7188dbde26e386314e62cc2e7ba1ee60b377b638243fcd84e6c6fa04886198ccacfa6a711bfbcc61a28f9ddc913d5b3c53083cbc90_0
2025-05-11 07:44:47,649 - semgrep.rule_match - DEBUG - match_key = (' rel="canonical" href="https://bakemonogarage.com" / (?is).*integrity= (google-analytics\\.com|fonts\\.googleapis\\.com|fonts\\.gstatic\\.com|googletagmanager\\.com) .*rel\\s*=\\s*[\'"]?preconnect.* href="... :// ..." href="//..." href=\'... :// ...\' href=\'//...\' src="... :// ..." src="//..." src=\'... :// ...\' src=\'//...\' <link  rel="canonical" href="https://bakemonogarage.com" / > <script  rel="canonical" href="https://bakemonogarage.com" / >...</script>', PosixPath('client/index.html'), 'config..semgrep.vendored-rules.html.security.audit.missing-integrity') match_id = adbdcf4056d2ec173e8160abdd848168f44bbfa35275d8091a00e26bc7a289ebbd1aeeb12163be2d23dd57accbb7a000b2a2cde79a4d691fff1c1120a92e98bd_0
2025-05-11 07:44:47,649 - semgrep.rule_match - DEBUG - match_key = (' rel="canonical" href="https://bakemonogarage.com" / (?is).*integrity= (google-analytics\\.com|fonts\\.googleapis\\.com|fonts\\.gstatic\\.com|googletagmanager\\.com) .*rel\\s*=\\s*[\'"]?preconnect.* href="... :// ..." href="//..." href=\'... :// ...\' href=\'//...\' src="... :// ..." src="//..." src=\'... :// ...\' src=\'//...\' <link  rel="canonical" href="https://bakemonogarage.com" / > <script  rel="canonical" href="https://bakemonogarage.com" / >...</script>', PosixPath('client/index.html'), 'config..semgrep.vendored-rules.html.security.audit.missing-integrity') match_id = adbdcf4056d2ec173e8160abdd848168f44bbfa35275d8091a00e26bc7a289ebbd1aeeb12163be2d23dd57accbb7a000b2a2cde79a4d691fff1c1120a92e98bd_0
2025-05-11 07:44:47,650 - semgrep.rule_match - DEBUG - match_key = (' rel="canonical" href="https://bakemonogarage.com" / (?is).*integrity= (google-analytics\\.com|fonts\\.googleapis\\.com|fonts\\.gstatic\\.com|googletagmanager\\.com) .*rel\\s*=\\s*[\'"]?preconnect.* href="... :// ..." href="//..." href=\'... :// ...\' href=\'//...\' src="... :// ..." src="//..." src=\'... :// ...\' src=\'//...\' <link  rel="canonical" href="https://bakemonogarage.com" / > <script  rel="canonical" href="https://bakemonogarage.com" / >...</script>', PosixPath('client/index.html'), 'config..semgrep.vendored-rules.html.security.audit.missing-integrity') match_id = adbdcf4056d2ec173e8160abdd848168f44bbfa35275d8091a00e26bc7a289ebbd1aeeb12163be2d23dd57accbb7a000b2a2cde79a4d691fff1c1120a92e98bd_0
2025-05-11 07:44:47,650 - semgrep.rule_match - DEBUG - match_key = ('', PosixPath('client/index.html'), 'config..semgrep.vendored-rules.html.security.audit.missing-integrity') match_id = 0ee74fd49637bebe183eca7188dbde26e386314e62cc2e7ba1ee60b377b638243fcd84e6c6fa04886198ccacfa6a711bfbcc61a28f9ddc913d5b3c53083cbc90_0
2025-05-11 07:44:47,651 - semgrep.rule_match - DEBUG - match_key = (' rel="stylesheet" href="https://cdnjs.cloudflare.com/ajax/libs/font-awesome/6.4.0/css/all.min.css" (?is).*integrity= (google-analytics\\.com|fonts\\.googleapis\\.com|fonts\\.gstatic\\.com|googletagmanager\\.com) .*rel\\s*=\\s*[\'"]?preconnect.* href="... :// ..." href="//..." href=\'... :// ...\' href=\'//...\' src="... :// ..." src="//..." src=\'... :// ...\' src=\'//...\' <link  rel="stylesheet" href="https://cdnjs.cloudflare.com/ajax/libs/font-awesome/6.4.0/css/all.min.css" > <script  rel="stylesheet" href="https://cdnjs.cloudflare.com/ajax/libs/font-awesome/6.4.0/css/all.min.css" >...</script>', PosixPath('client/index.html'), 'config..semgrep.vendored-rules.html.security.audit.missing-integrity') match_id = adf34343d6be96447b85230df74b5423013b6f397ca1ee8ccbc07a073ba10f0983c4b0b35a5af316de0d1d48282b1618c59c38f99ebdcc2ee93f24aea49f7101_0
2025-05-11 07:44:47,651 - semgrep.rule_match - DEBUG - match_key = (' rel="stylesheet" href="https://cdnjs.cloudflare.com/ajax/libs/font-awesome/6.4.0/css/all.min.css" (?is).*integrity= (google-analytics\\.com|fonts\\.googleapis\\.com|fonts\\.gstatic\\.com|googletagmanager\\.com) .*rel\\s*=\\s*[\'"]?preconnect.* href="... :// ..." href="//..." href=\'... :// ...\' href=\'//...\' src="... :// ..." src="//..." src=\'... :// ...\' src=\'//...\' <link  rel="stylesheet" href="https://cdnjs.cloudflare.com/ajax/libs/font-awesome/6.4.0/css/all.min.css" > <script  rel="stylesheet" href="https://cdnjs.cloudflare.com/ajax/libs/font-awesome/6.4.0/css/all.min.css" >...</script>', PosixPath('client/index.html'), 'config..semgrep.vendored-rules.html.security.audit.missing-integrity') match_id = adf34343d6be96447b85230df74b5423013b6f397ca1ee8ccbc07a073ba10f0983c4b0b35a5af316de0d1d48282b1618c59c38f99ebdcc2ee93f24aea49f7101_0
2025-05-11 07:44:47,652 - semgrep.rule_match - DEBUG - match_key = (' rel="stylesheet" href="https://cdnjs.cloudflare.com/ajax/libs/font-awesome/6.4.0/css/all.min.css" (?is).*integrity= (google-analytics\\.com|fonts\\.googleapis\\.com|fonts\\.gstatic\\.com|googletagmanager\\.com) .*rel\\s*=\\s*[\'"]?preconnect.* href="... :// ..." href="//..." href=\'... :// ...\' href=\'//...\' src="... :// ..." src="//..." src=\'... :// ...\' src=\'//...\' <link  rel="stylesheet" href="https://cdnjs.cloudflare.com/ajax/libs/font-awesome/6.4.0/css/all.min.css" > <script  rel="stylesheet" href="https://cdnjs.cloudflare.com/ajax/libs/font-awesome/6.4.0/css/all.min.css" >...</script>', PosixPath('client/index.html'), 'config..semgrep.vendored-rules.html.security.audit.missing-integrity') match_id = adf34343d6be96447b85230df74b5423013b6f397ca1ee8ccbc07a073ba10f0983c4b0b35a5af316de0d1d48282b1618c59c38f99ebdcc2ee93f24aea49f7101_0
2025-05-11 07:44:47,652 - semgrep.rule_match - DEBUG - match_key = ('', PosixPath('client/index.html'), 'config..semgrep.vendored-rules.html.security.audit.missing-integrity') match_id = 0ee74fd49637bebe183eca7188dbde26e386314e62cc2e7ba1ee60b377b638243fcd84e6c6fa04886198ccacfa6a711bfbcc61a28f9ddc913d5b3c53083cbc90_0
2025-05-11 07:44:47,653 - semgrep.rule_match - DEBUG - match_key = (' rel="dns-prefetch" href="https://www.tiktok.com" (?is).*integrity= (google-analytics\\.com|fonts\\.googleapis\\.com|fonts\\.gstatic\\.com|googletagmanager\\.com) .*rel\\s*=\\s*[\'"]?preconnect.* href="... :// ..." href="//..." href=\'... :// ...\' href=\'//...\' src="... :// ..." src="//..." src=\'... :// ...\' src=\'//...\' <link  rel="dns-prefetch" href="https://www.tiktok.com" > <script  rel="dns-prefetch" href="https://www.tiktok.com" >...</script>', PosixPath('client/index.html'), 'config..semgrep.vendored-rules.html.security.audit.missing-integrity') match_id = 7f9a48fb09a892d8f737ba28e6c85a9e3182976992124b83fa4eb4f0af3612004b39810170eb433a955d639193abab5e068590aaca20a0ae884557f40fe92ac1_0
2025-05-11 07:44:47,653 - semgrep.rule_match - DEBUG - match_key = (' rel="dns-prefetch" href="https://www.tiktok.com" (?is).*integrity= (google-analytics\\.com|fonts\\.googleapis\\.com|fonts\\.gstatic\\.com|googletagmanager\\.com) .*rel\\s*=\\s*[\'"]?preconnect.* href="... :// ..." href="//..." href=\'... :// ...\' href=\'//...\' src="... :// ..." src="//..." src=\'... :// ...\' src=\'//...\' <link  rel="dns-prefetch" href="https://www.tiktok.com" > <script  rel="dns-prefetch" href="https://www.tiktok.com" >...</script>', PosixPath('client/index.html'), 'config..semgrep.vendored-rules.html.security.audit.missing-integrity') match_id = 7f9a48fb09a892d8f737ba28e6c85a9e3182976992124b83fa4eb4f0af3612004b39810170eb433a955d639193abab5e068590aaca20a0ae884557f40fe92ac1_0
2025-05-11 07:44:47,653 - semgrep.rule_match - DEBUG - match_key = (' rel="dns-prefetch" href="https://www.tiktok.com" (?is).*integrity= (google-analytics\\.com|fonts\\.googleapis\\.com|fonts\\.gstatic\\.com|googletagmanager\\.com) .*rel\\s*=\\s*[\'"]?preconnect.* href="... :// ..." href="//..." href=\'... :// ...\' href=\'//...\' src="... :// ..." src="//..." src=\'... :// ...\' src=\'//...\' <link  rel="dns-prefetch" href="https://www.tiktok.com" > <script  rel="dns-prefetch" href="https://www.tiktok.com" >...</script>', PosixPath('client/index.html'), 'config..semgrep.vendored-rules.html.security.audit.missing-integrity') match_id = 7f9a48fb09a892d8f737ba28e6c85a9e3182976992124b83fa4eb4f0af3612004b39810170eb433a955d639193abab5e068590aaca20a0ae884557f40fe92ac1_0
2025-05-11 07:44:47,654 - semgrep.rule_match - DEBUG - match_key = ('', PosixPath('client/index.html'), 'config..semgrep.vendored-rules.html.security.audit.missing-integrity') match_id = 0ee74fd49637bebe183eca7188dbde26e386314e62cc2e7ba1ee60b377b638243fcd84e6c6fa04886198ccacfa6a711bfbcc61a28f9ddc913d5b3c53083cbc90_0
2025-05-11 07:44:47,654 - semgrep.rule_match - DEBUG - match_key = (' type="text/javascript" src="https://replit.com/public/js/replit-dev-banner.js" (?is).*integrity= (google-analytics\\.com|fonts\\.googleapis\\.com|fonts\\.gstatic\\.com|googletagmanager\\.com) .*rel\\s*=\\s*[\'"]?preconnect.* href="... :// ..." href="//..." href=\'... :// ...\' href=\'//...\' src="... :// ..." src="//..." src=\'... :// ...\' src=\'//...\' <link  type="text/javascript" src="https://replit.com/public/js/replit-dev-banner.js" > <script  type="text/javascript" src="https://replit.com/public/js/replit-dev-banner.js" >...</script>', PosixPath('client/index.html'), 'config..semgrep.vendored-rules.html.security.audit.missing-integrity') match_id = 0728b64e224596592d04447ba8a642ff94e1fb9fcc07be26d49dc7e7f6898e638ad16ffcaca086932c58f4c6400fe32603323afef02cf9bfebcb0e4a53562a40_0
2025-05-11 07:44:47,655 - semgrep.rule_match - DEBUG - match_key = (' type="text/javascript" src="https://replit.com/public/js/replit-dev-banner.js" (?is).*integrity= (google-analytics\\.com|fonts\\.googleapis\\.com|fonts\\.gstatic\\.com|googletagmanager\\.com) .*rel\\s*=\\s*[\'"]?preconnect.* href="... :// ..." href="//..." href=\'... :// ...\' href=\'//...\' src="... :// ..." src="//..." src=\'... :// ...\' src=\'//...\' <link  type="text/javascript" src="https://replit.com/public/js/replit-dev-banner.js" > <script  type="text/javascript" src="https://replit.com/public/js/replit-dev-banner.js" >...</script>', PosixPath('client/index.html'), 'config..semgrep.vendored-rules.html.security.audit.missing-integrity') match_id = 0728b64e224596592d04447ba8a642ff94e1fb9fcc07be26d49dc7e7f6898e638ad16ffcaca086932c58f4c6400fe32603323afef02cf9bfebcb0e4a53562a40_0
2025-05-11 07:44:47,655 - semgrep.rule_match - DEBUG - match_key = (' type="text/javascript" src="https://replit.com/public/js/replit-dev-banner.js" (?is).*integrity= (google-analytics\\.com|fonts\\.googleapis\\.com|fonts\\.gstatic\\.com|googletagmanager\\.com) .*rel\\s*=\\s*[\'"]?preconnect.* href="... :// ..." href="//..." href=\'... :// ...\' href=\'//...\' src="... :// ..." src="//..." src=\'... :// ...\' src=\'//...\' <link  type="text/javascript" src="https://replit.com/public/js/replit-dev-banner.js" > <script  type="text/javascript" src="https://replit.com/public/js/replit-dev-banner.js" >...</script>', PosixPath('client/index.html'), 'config..semgrep.vendored-rules.html.security.audit.missing-integrity') match_id = 0728b64e224596592d04447ba8a642ff94e1fb9fcc07be26d49dc7e7f6898e638ad16ffcaca086932c58f4c6400fe32603323afef02cf9bfebcb0e4a53562a40_0
2025-05-11 07:44:47,656 - semgrep.rule_match - DEBUG - match_key = ('', PosixPath('client/src/lib/analytics.ts'), 'config..semgrep.vendored-rules.javascript.browser.security.insecure-innerhtml') match_id = b75d481af7a38df27b9a75e5044c9dc53e92fabeedc0075ef3cddf08f6d92256cb65de8aeba27fc254801df023f50441ca92c17791bdb24e4bfaede435a2461b_0
2025-05-11 07:44:47,656 - semgrep.rule_match - DEBUG - match_key = ('script2.innerHTML = "...";\n script2.innerHTML = `\n    window.dataLayer = window.dataLayer || [];\n    function gtag(){dataLayer.push(arguments);}\n    gtag(\'js\', new Date());\n    gtag(\'config\', \'measurementId\');\n  ;\n', PosixPath('client/src/lib/analytics.ts'), 'config..semgrep.vendored-rules.javascript.browser.security.insecure-innerhtml') match_id = 63376b6df9b6f3266f197f93255bb2f4094514e2fa7b0dffa49cf84b32b97ab7ee13876c7a66d5a57a13cbb1434aabe58978888f5a4d55fd85a31827694342e4_0
2025-05-11 07:44:47,657 - semgrep.rule_match - DEBUG - match_key = ('script2.innerHTML = "...";\n script2.innerHTML = `\n    window.dataLayer = window.dataLayer || [];\n    function gtag(){dataLayer.push(arguments);}\n    gtag(\'js\', new Date());\n    gtag(\'config\', \'measurementId\');\n  ;\n', PosixPath('client/src/lib/analytics.ts'), 'config..semgrep.vendored-rules.javascript.browser.security.insecure-innerhtml') match_id = 63376b6df9b6f3266f197f93255bb2f4094514e2fa7b0dffa49cf84b32b97ab7ee13876c7a66d5a57a13cbb1434aabe58978888f5a4d55fd85a31827694342e4_0
2025-05-11 07:44:47,657 - semgrep.rule_match - DEBUG - match_key = ('script2.innerHTML = "...";\n script2.innerHTML = `\n    window.dataLayer = window.dataLayer || [];\n    function gtag(){dataLayer.push(arguments);}\n    gtag(\'js\', new Date());\n    gtag(\'config\', \'measurementId\');\n  ;\n', PosixPath('client/src/lib/analytics.ts'), 'config..semgrep.vendored-rules.javascript.browser.security.insecure-innerhtml') match_id = 63376b6df9b6f3266f197f93255bb2f4094514e2fa7b0dffa49cf84b32b97ab7ee13876c7a66d5a57a13cbb1434aabe58978888f5a4d55fd85a31827694342e4_0
2025-05-11 07:44:47,658 - semgrep.rule_match - DEBUG - match_key = ('', PosixPath('client/src/lib/analytics.ts'), 'config..semgrep.vendored-rules.javascript.browser.security.insecure-document-method') match_id = 6bde05bc85533b16bb1f6840f2c90f0d3db751221dbe46793fb9aa8473e463560e65e9b4e93ec5799f1de73a4953c1e622bbf426bfe1b0a765ed88e1ad1b0178_0
2025-05-11 07:44:47,658 - semgrep.rule_match - DEBUG - match_key = ('script2.innerHTML = "...";\n script2.innerHTML = `\n    window.dataLayer = window.dataLayer || [];\n    function gtag(){dataLayer.push(arguments);}\n    gtag(\'js\', new Date());\n    gtag(\'config\', \'measurementId\');\n  ;\n script2.outerHTML = `\n    window.dataLayer = window.dataLayer || [];\n    function gtag(){dataLayer.push(arguments);}\n    gtag(\'js\', new Date());\n    gtag(\'config\', \'measurementId\');\n  ;\n document.write(...) script2.outerHTML = "...";\n document.write("...")', PosixPath('client/src/lib/analytics.ts'), 'config..semgrep.vendored-rules.javascript.browser.security.insecure-document-method') match_id = e2f0f7c5e98e337228bc17f9a6e0b456a8320dab4f8220d22dad33bbe5333c074f36b483543a59bb56971b38d4617c1fc875d0878ba7ca367afec4a0919d250e_0
2025-05-11 07:44:47,658 - semgrep.rule_match - DEBUG - match_key = ('script2.innerHTML = "...";\n script2.innerHTML = `\n    window.dataLayer = window.dataLayer || [];\n    function gtag(){dataLayer.push(arguments);}\n    gtag(\'js\', new Date());\n    gtag(\'config\', \'measurementId\');\n  ;\n script2.outerHTML = `\n    window.dataLayer = window.dataLayer || [];\n    function gtag(){dataLayer.push(arguments);}\n    gtag(\'js\', new Date());\n    gtag(\'config\', \'measurementId\');\n  ;\n document.write(...) script2.outerHTML = "...";\n document.write("...")', PosixPath('client/src/lib/analytics.ts'), 'config..semgrep.vendored-rules.javascript.browser.security.insecure-document-method') match_id = e2f0f7c5e98e337228bc17f9a6e0b456a8320dab4f8220d22dad33bbe5333c074f36b483543a59bb56971b38d4617c1fc875d0878ba7ca367afec4a0919d250e_0
2025-05-11 07:44:47,659 - semgrep.rule_match - DEBUG - match_key = ('script2.innerHTML = "...";\n script2.innerHTML = `\n    window.dataLayer = window.dataLayer || [];\n    function gtag(){dataLayer.push(arguments);}\n    gtag(\'js\', new Date());\n    gtag(\'config\', \'measurementId\');\n  ;\n script2.outerHTML = `\n    window.dataLayer = window.dataLayer || [];\n    function gtag(){dataLayer.push(arguments);}\n    gtag(\'js\', new Date());\n    gtag(\'config\', \'measurementId\');\n  ;\n document.write(...) script2.outerHTML = "...";\n document.write("...")', PosixPath('client/src/lib/analytics.ts'), 'config..semgrep.vendored-rules.javascript.browser.security.insecure-document-method') match_id = e2f0f7c5e98e337228bc17f9a6e0b456a8320dab4f8220d22dad33bbe5333c074f36b483543a59bb56971b38d4617c1fc875d0878ba7ca367afec4a0919d250e_0
2025-05-11 07:44:47,659 - semgrep.rule_match - DEBUG - match_key = ('', PosixPath('scripts/setup_cron.py'), 'config..semgrep.vendored-rules.python.lang.security.audit.insecure-file-permissions') match_id = 96c9b3fbc1408d6ce61e75543340595e47fc8b0ca881f2f4a87ef7d6f87749103956619f07a11715902bc857556ff16fa54e3c10a86bbae8aa96f68f3c610611_0
2025-05-11 07:44:47,660 - semgrep.rule_match - DEBUG - match_key = ('0o755 0o755 >= 0o100650 os.chmod(tiktok_script_path, 0o755) 0o755 0o755 >= 0o650 and 0o755 < 0o100000 os.chmod(tiktok_script_path, 0o755, ...) 0o755 <... stat.S_IRWXG ...> <... stat.S_IRWXO ...> <... stat.S_IWGRP ...> <... stat.S_IWOTH ...> <... stat.S_IXGRP ...> <... stat.S_IXOTH ...> os.chmod(tiktok_script_path, 0o755, ...) $MOD $MOD == 0o111 os.chmod(tiktok_script_path, $EXPR | $MOD, ...) chmod chmod fchmod lchmod os.chmod(...)', PosixPath('scripts/setup_cron.py'), 'config..semgrep.vendored-rules.python.lang.security.audit.insecure-file-permissions') match_id = 70f46b93e01a63ece5209d2572e1c28086b84a252039a612a28a2cdaa252a8d17e28121f8dea15f4a29cc9a71430e0b8f944ffc546846b035f1a9b8330306d86_0
2025-05-11 07:44:47,660 - semgrep.rule_match - DEBUG - match_key = ('0o755 0o755 >= 0o100650 os.chmod(tiktok_script_path, 0o755) 0o755 0o755 >= 0o650 and 0o755 < 0o100000 os.chmod(tiktok_script_path, 0o755, ...) 0o755 <... stat.S_IRWXG ...> <... stat.S_IRWXO ...> <... stat.S_IWGRP ...> <... stat.S_IWOTH ...> <... stat.S_IXGRP ...> <... stat.S_IXOTH ...> os.chmod(tiktok_script_path, 0o755, ...) $MOD $MOD == 0o111 os.chmod(tiktok_script_path, $EXPR | $MOD, ...) chmod chmod fchmod lchmod os.chmod(...)', PosixPath('scripts/setup_cron.py'), 'config..semgrep.vendored-rules.python.lang.security.audit.insecure-file-permissions') match_id = 70f46b93e01a63ece5209d2572e1c28086b84a252039a612a28a2cdaa252a8d17e28121f8dea15f4a29cc9a71430e0b8f944ffc546846b035f1a9b8330306d86_0
2025-05-11 07:44:47,661 - semgrep.rule_match - DEBUG - match_key = ('0o755 0o755 >= 0o100650 os.chmod(tiktok_script_path, 0o755) 0o755 0o755 >= 0o650 and 0o755 < 0o100000 os.chmod(tiktok_script_path, 0o755, ...) 0o755 <... stat.S_IRWXG ...> <... stat.S_IRWXO ...> <... stat.S_IWGRP ...> <... stat.S_IWOTH ...> <... stat.S_IXGRP ...> <... stat.S_IXOTH ...> os.chmod(tiktok_script_path, 0o755, ...) $MOD $MOD == 0o111 os.chmod(tiktok_script_path, $EXPR | $MOD, ...) chmod chmod fchmod lchmod os.chmod(...)', PosixPath('scripts/setup_cron.py'), 'config..semgrep.vendored-rules.python.lang.security.audit.insecure-file-permissions') match_id = 70f46b93e01a63ece5209d2572e1c28086b84a252039a612a28a2cdaa252a8d17e28121f8dea15f4a29cc9a71430e0b8f944ffc546846b035f1a9b8330306d86_0
2025-05-11 07:44:47,663 - semgrep.core_runner - DEBUG - semgrep ran in 0:00:11.044762 on 103 files
2025-05-11 07:44:47,665 - semgrep.core_runner - DEBUG - findings summary: 5 warning, 2 error, 0 info
2025-05-11 07:44:47,669 - semgrep.app.auth - DEBUG - Getting API token from settings file
2025-05-11 07:44:47,669 - semgrep.app.auth - DEBUG - No API token found in settings file
2025-05-11 07:44:47,670 - semgrep.semgrep_core - DEBUG - Failed to open resource semgrep-core-proprietary: [Errno 2] No such file or directory: '/tmp/_MEIGgTjlW/semgrep/bin/semgrep-core-proprietary'.
2025-05-11 07:44:47,795 - semgrep.output - VERBOSE - 
========================================
Files skipped:
========================================

  Always skipped by Opengrep:

   • <none>

  Skipped by .gitignore:
  (Disable by passing --no-git-ignore)

   • <all files not listed by `git ls-files` were skipped>

  Skipped by .semgrepignore:
  - https://semgrep.dev/docs/ignoring-files-folders-code/#understand-semgrep-defaults

   • <none>

  Skipped by --include patterns:

   • <none>

  Skipped by --exclude patterns:

   • <none>

  Files skipped due to insufficient read permissions:

   • <none>

  Skipped by limiting to files smaller than 1000000 bytes:
  (Adjust with the --max-target-bytes flag)

   • <none>

  Partially analyzed due to parsing or internal Opengrep errors

   • tailwind.config.ts (1 lines skipped)

2025-05-11 07:44:47,796 - semgrep.output - INFO - Some files were skipped or only partially analyzed.
  Scan was limited to files tracked by git.
  Partially scanned: 1 files only partially analyzed due to parsing or internal Opengrep errors

Ran 700 rules on 103 files: 7 findings.
2025-05-11 07:44:47,796 - semgrep.app.version - DEBUG - Version cache does not exist
2025-05-11 07:44:47,825 - semgrep.metrics - VERBOSE - Not sending pseudonymous metrics since metrics are configured to OFF and registry usage is False
